root         1  0.0  0.1 139612 14948 ?        Ss   Oct21   6:19 /usr/lib/systemd/systemd --switched-root --system --deserialize 21
root         2  0.0  0.0      0     0 ?        S    Oct21   0:01 [kthreadd]
root         3  0.1  0.0      0     0 ?        S    Oct21  25:03 [ksoftirqd/0]
root         7  0.0  0.0      0     0 ?        S    Oct21   0:11 [migration/0]
root         8  0.0  0.0      0     0 ?        S    Oct21   0:00 [rcu_bh]
root         9  0.0  0.0      0     0 ?        S    Oct21   6:09 [rcu_sched]
root        10  0.0  0.0      0     0 ?        S    Oct21   0:06 [watchdog/0]
root        11  0.0  0.0      0     0 ?        S    Oct21   0:03 [watchdog/1]
root        12  0.0  0.0      0     0 ?        S    Oct21   0:02 [migration/1]
root        13  0.0  0.0      0     0 ?        S    Oct21   0:09 [ksoftirqd/1]
root        15  0.0  0.0      0     0 ?        S<   Oct21   0:00 [kworker/1:0H]
root        17  0.0  0.0      0     0 ?        S    Oct21   0:00 [kdevtmpfs]
root        18  0.0  0.0      0     0 ?        S<   Oct21   0:00 [netns]
root        19  0.0  0.0      0     0 ?        S    Oct21   0:00 [khungtaskd]
root        20  0.0  0.0      0     0 ?        S<   Oct21   0:00 [writeback]
root        21  0.0  0.0      0     0 ?        S<   Oct21   0:00 [kintegrityd]
root        22  0.0  0.0      0     0 ?        S<   Oct21   0:00 [bioset]
root        23  0.0  0.0      0     0 ?        S<   Oct21   0:00 [kblockd]
root        24  0.0  0.0      0     0 ?        S<   Oct21   0:00 [md]
root        31  0.2  0.0      0     0 ?        S    Oct21  63:44 [kswapd0]
root        32  0.0  0.0      0     0 ?        SN   Oct21   0:00 [ksmd]
root        33  0.0  0.0      0     0 ?        SN   Oct21   0:04 [khugepaged]
root        34  0.0  0.0      0     0 ?        S<   Oct21   0:00 [crypto]
root        42  0.0  0.0      0     0 ?        S<   Oct21   0:00 [kthrotld]
root        44  0.0  0.0      0     0 ?        S<   Oct21   0:00 [kmpath_rdacd]
root        45  0.0  0.0      0     0 ?        S<   Oct21   0:00 [kpsmoused]
root        47  0.0  0.0      0     0 ?        S<   Oct21   0:00 [ipv6_addrconf]
root        66  0.0  0.0      0     0 ?        S<   Oct21   0:00 [deferwq]
root       100  0.0  0.0      0     0 ?        S    Oct21   0:02 [kauditd]
root       274  0.0  0.0      0     0 ?        S<   Oct21   0:00 [ata_sff]
root       275  0.0  0.0      0     0 ?        S<   Oct21   0:00 [mpt_poll_0]
root       276  0.0  0.0      0     0 ?        S<   Oct21   0:00 [mpt/0]
root       278  0.0  0.0      0     0 ?        S    Oct21   0:00 [scsi_eh_0]
root       281  0.0  0.0      0     0 ?        S<   Oct21   0:00 [scsi_tmf_0]
root       285  0.0  0.0      0     0 ?        S    Oct21   0:00 [scsi_eh_1]
root       287  0.0  0.0      0     0 ?        S<   Oct21   0:00 [scsi_tmf_1]
root       294  0.0  0.0      0     0 ?        S<   Oct21   0:00 [ttm_swap]
root       296  0.0  0.0      0     0 ?        S    Oct21   0:00 [scsi_eh_2]
root       297  0.0  0.0      0     0 ?        S<   Oct21   0:00 [scsi_tmf_2]
root       393  0.0  0.0      0     0 ?        S<   Oct21   0:00 [kdmflush]
root       394  0.0  0.0      0     0 ?        S<   Oct21   0:00 [bioset]
root       404  0.0  0.0      0     0 ?        S<   Oct21   0:00 [kdmflush]
root       405  0.0  0.0      0     0 ?        S<   Oct21   0:00 [bioset]
root       421  0.0  0.0      0     0 ?        S    Oct21   0:00 [jbd2/dm-0-8]
root       422  0.0  0.0      0     0 ?        S<   Oct21   0:00 [ext4-rsv-conver]
root       492  0.1  0.5 114980 43856 ?        Ss   Oct21  41:16 /usr/lib/systemd/systemd-journald
root       516  0.0  0.0      0     0 ?        S<   Oct21   0:00 [rpciod]
root       517  0.0  0.1 287432  8904 ?        Ssl  Oct21   0:00 /usr/sbin/lvmetad -f
root       518  0.0  0.0      0     0 ?        S<   Oct21   0:00 [xprtiod]
root       531  0.0  0.1  57456  8756 ?        Ss   Oct21   0:00 /usr/lib/systemd/systemd-udevd
root       602  0.0  0.0      0     0 ?        S<   Oct21   0:00 [bioset]
root       603  0.0  0.0      0     0 ?        S<   Oct21   0:00 [xfsalloc]
root       604  0.0  0.0      0     0 ?        S<   Oct21   0:00 [xfs_mru_cache]
root       605  0.0  0.0      0     0 ?        S<   Oct21   0:00 [xfs-buf/sda1]
root       606  0.0  0.0      0     0 ?        S<   Oct21   0:00 [xfs-data/sda1]
root       607  0.0  0.0      0     0 ?        S<   Oct21   0:00 [xfs-conv/sda1]
root       608  0.0  0.0      0     0 ?        S<   Oct21   0:00 [xfs-cil/sda1]
root       609  0.0  0.0      0     0 ?        S<   Oct21   0:00 [xfs-reclaim/sda]
root       610  0.0  0.0      0     0 ?        S<   Oct21   0:00 [xfs-log/sda1]
root       611  0.0  0.0      0     0 ?        S<   Oct21   0:00 [xfs-eofblocks/s]
root       612  0.0  0.0      0     0 ?        S    Oct21   0:00 [xfsaild/sda1]
root       613  0.0  0.0      0     0 ?        S<   Oct21   0:00 [kdmflush]
root       614  0.0  0.0      0     0 ?        S<   Oct21   0:00 [bioset]
root       616  0.0  0.0      0     0 ?        S<   Oct21   0:00 [kdmflush]
root       617  0.0  0.0      0     0 ?        S<   Oct21   0:00 [bioset]
root       634  0.0  0.0      0     0 ?        S    Oct21   0:19 [jbd2/dm-3-8]
root       635  0.0  0.0      0     0 ?        S<   Oct21   0:00 [ext4-rsv-conver]
root       645  0.0  0.0      0     0 ?        S    Oct21   0:08 [jbd2/dm-2-8]
root       646  0.0  0.0      0     0 ?        S<   Oct21   0:00 [ext4-rsv-conver]
root       672  0.0  0.0  55452   528 ?        S<sl Oct21   0:10 /sbin/auditd
root       677  0.0  0.0      0     0 ?        S<   Oct21   0:00 [dm_bufio_cache]
root       678  0.0  0.0      0     0 ?        S<   Oct21   0:00 [kdmflush]
root       679  0.0  0.0      0     0 ?        S<   Oct21   0:00 [bioset]
root       680  0.0  0.0      0     0 ?        S<   Oct21   0:00 [kdmflush]
root       682  0.0  0.0      0     0 ?        S<   Oct21   0:00 [bioset]
root       707  0.0  0.0  21620   896 ?        Ss   Oct21   0:36 /usr/sbin/irqbalance --foreground
root       712  0.0  0.0 559476  3276 ?        Ssl  Oct21   0:39 /usr/sbin/NetworkManager --no-daemon
root       716  0.0  0.0 261696  1648 ?        Ss   Oct21   0:01 /usr/sbin/sssd -i -f
root       717  0.0  0.2 539780 19652 ?        Ssl  Oct21  12:46 /usr/sbin/rsyslogd -n
root       721  0.0  0.0  99612   848 ?        Ss   Oct21   0:00 /usr/bin/VGAuthService -s
root       722  0.0  0.0 305084  2316 ?        Ss   Oct21  12:32 /usr/bin/vmtoolsd
root       724  0.0  0.0      0     0 ?        S<   Oct21   0:00 [kdmflush]
root       727  0.0  0.0      0     0 ?        S<   Oct21   0:00 [bioset]
root       728  0.0  0.0      0     0 ?        S<   Oct21   0:00 [kcopyd]
root       730  0.0  0.0      0     0 ?        S<   Oct21   0:00 [bioset]
root       731  0.0  0.0      0     0 ?        S<   Oct21   0:00 [dm-thin]
root       732  0.0  0.0      0     0 ?        S<   Oct21   0:00 [bioset]
root       734  0.0  0.4 136684 34404 ?        SLsl Oct21   1:31 /usr/sbin/dmeventd -f
root       746  0.0  0.0 268952   596 ?        Ssl  Oct21   0:01 /usr/sbin/gssproxy -D
root       774  0.0  0.0  67796   976 ?        Ss   Oct21   0:00 /usr/sbin/rpc.gssd
root       793  0.0  0.0 270500  7272 ?        S    Oct21   0:50 /usr/libexec/sssd/sssd_nss --uid 0 --gid 0 --debug-to-files
root       794  0.0  0.0 240664  1368 ?        S    Oct21   0:07 /usr/libexec/sssd/sssd_sudo --uid 0 --gid 0 --debug-to-files
root       795  0.0  0.0 247856  3248 ?        S    Oct21   1:14 /usr/libexec/sssd/sssd_pam --uid 0 --gid 0 --debug-to-files
root       796  0.0  0.0 274728  1140 ?        S    Oct21   0:06 /usr/libexec/sssd/sssd_pac --uid 0 --gid 0 --debug-to-files
root       852  0.0  0.0  34612  1640 ?        Ss   Oct21   1:35 /usr/lib/systemd/systemd-logind
root      1138  0.0  0.2 1298176 23176 ?       Ssl  Oct21  15:40 /usr/bin/dockerd-current --add-runtime docker-runc=/usr/libexec/docker/docker-runc-current --default-runtime=docker-runc --exec-opt native.cgroupdriver=systemd --userland-proxy-path=/usr/libexec/docker/docker-proxy-current --selinux-enabled --log-driver=journald --signature-verification=false --storage-driver devicemapper --storage-opt dm.fs=xfs --storage-opt dm.thinpooldev=/dev/mapper/vg_docker-docker--pool --storage-opt dm.use_deferred_removal=true
root      1139  0.0  0.0 562396  4508 ?        Ssl  Oct21   1:54 /usr/bin/python -Es /usr/sbin/tuned -l -P
root      1141  0.0  0.0  30696  1168 ?        Ss   Oct21   0:00 /usr/sbin/oddjobd -n -p /var/run/oddjobd.pid -t 300
root      1178  0.0  0.0      0     0 ?        S<   Oct21   0:00 [nfsiod]
root      1220  0.0  0.0 408040  3012 ?        Ssl  Oct21   0:43 /usr/bin/docker-containerd-current -l unix:///var/run/docker/libcontainerd/docker-containerd.sock --shim docker-containerd-shim --metrics-interval=0 --start-timeout 2m --state-dir /var/run/docker/libcontainerd/containerd --runtime docker-runc --runtime-args --systemd-cgroup=true
root      1251  0.0  0.1 222476  8540 ?        S    Oct21   1:05 /usr/bin/python -s /usr/sbin/osad --pid-file /var/run/osad.pid
root      1259  0.0  0.0      0     0 ?        S    Oct21   0:00 [lockd]
root      1269  0.0  0.0 420724  4728 ?        Ss   Oct21   1:37 /usr/sbin/httpd -DFOREGROUND
root      1282  0.0  0.0 136528  1104 ?        Ss   Oct21   0:35 /usr/sbin/crond -n
root      1309  0.0  0.0 110044   640 tty1     Ss+  Oct21   0:00 /sbin/agetty --noclear tty1 linux
root      1314  0.0  0.0 107920   516 ?        Ss   Oct21   0:00 rhnsd
root      1476  0.0  0.0  91628   868 ?        Ss   Oct21   0:19 /usr/libexec/postfix/master -w
root      3025  0.0  0.0      0     0 ?        S<   Oct21   0:00 [kdmflush]
root      3032  0.0  0.0      0     0 ?        S<   Oct21   0:00 [bioset]
root      3049  0.0  0.0      0     0 ?        S<   Oct21   0:00 [xfs-buf/dm-7]
root      3050  0.0  0.0      0     0 ?        S<   Oct21   0:00 [xfs-data/dm-7]
root      3051  0.0  0.0      0     0 ?        S<   Oct21   0:00 [xfs-conv/dm-7]
root      3052  0.0  0.0      0     0 ?        S<   Oct21   0:00 [xfs-cil/dm-7]
root      3053  0.0  0.0      0     0 ?        S<   Oct21   0:00 [xfs-reclaim/dm-]
root      3054  0.0  0.0      0     0 ?        S<   Oct21   0:00 [xfs-log/dm-7]
root      3055  0.0  0.0      0     0 ?        S<   Oct21   0:00 [xfs-eofblocks/d]
root      3056  0.0  0.0      0     0 ?        S    Oct21   0:00 [xfsaild/dm-7]
root      3063  0.0  0.0      0     0 ?        S<   Oct21   0:00 [kdmflush]
root      3068  0.0  0.0      0     0 ?        S<   Oct21   0:00 [bioset]
root      3078  0.0  0.0      0     0 ?        S<   Oct21   0:00 [xfs-buf/dm-8]
root      3081  0.0  0.0 196176  1608 ?        Sl   Oct21   0:37 /usr/libexec/docker/docker-proxy-current -proto tcp -host-ip 0.0.0.0 -host-port 4000 -container-ip 172.17.0.2 -container-port 4000
root      3085  0.0  0.0      0     0 ?        S<   Oct21   0:00 [xfs-data/dm-8]
root      3086  0.0  0.0      0     0 ?        S<   Oct21   0:00 [xfs-conv/dm-8]
root      3087  0.0  0.0      0     0 ?        S<   Oct21   0:00 [xfs-cil/dm-8]
root      3088  0.0  0.0      0     0 ?        S<   Oct21   0:00 [xfs-reclaim/dm-]
root      3089  0.0  0.0      0     0 ?        S<   Oct21   0:00 [xfs-log/dm-8]
root      3090  0.0  0.0      0     0 ?        S<   Oct21   0:00 [xfs-eofblocks/d]
root      3093  0.0  0.0      0     0 ?        S    Oct21   0:00 [xfsaild/dm-8]
root      3108  0.0  0.0 198288  3244 ?        Sl   Oct21   5:08 /usr/libexec/docker/docker-proxy-current -proto tcp -host-ip 127.0.0.1 -host-port 5000 -container-ip 172.17.0.3 -container-port 5000
root      3158  0.0  0.0 281692   140 ?        Sl   Oct21   0:00 /usr/bin/docker-containerd-shim-current 90c7e2e25251d14b6a4d35735475e12be07414f6b13ab36deebc136cb301337b /var/run/docker/libcontainerd/90c7e2e25251d14b6a4d35735475e12be07414f6b13ab36deebc136cb301337b /usr/libexec/docker/docker-runc-current
root      3218  0.0  0.0 282044    48 ?        Sl   Oct21   9:12 /usr/bin/docker-containerd-shim-current c6859decae25cd0b5d704251a3191b732e346de03991187677e3f608fe3ed17f /var/run/docker/libcontainerd/c6859decae25cd0b5d704251a3191b732e346de03991187677e3f608fe3ed17f /usr/libexec/docker/docker-runc-current
root      3263  0.6  0.2 151096 23420 ?        Ssl  Oct21 143:41 registry serve /etc/docker/registry/config.yml
root      3333  0.0  0.0  17788  1072 ?        Ss   Oct21   0:27 /usr/lib/systemd/systemd-machined
root      5641  0.0  0.0      0     0 ?        S    17:00   0:00 [kworker/0:0]
root      6050  0.0  0.0      0     0 ?        S    17:06   0:00 [kworker/1:2]
root      6116  0.0  0.0      0     0 ?        S    17:07   0:00 [kworker/u4:2]
root      6454  0.0  0.0      0     0 ?        S    17:13   0:00 [kworker/u4:0]
root      6498  0.0  0.0      0     0 ?        S    17:14   0:00 [kworker/1:3]
root      6605  0.0  0.0      0     0 ?        S    17:15   0:00 [kworker/0:1]
root      6853  0.0  0.0      0     0 ?        S    17:18   0:00 [kworker/u4:1]
root      6894  0.0  0.0      0     0 ?        S    17:19   0:00 [kworker/1:0]
root      7081  0.0  0.0      0     0 ?        S    17:22   0:00 [kworker/1:1]
root      8699  0.0  0.0      0     0 ?        S<   Oct27   0:12 [kworker/1:2H]
root      9189  0.0  0.0      0     0 ?        S<   Oct27   0:00 [kdmflush]
root      9191  0.0  0.0      0     0 ?        S<   Oct27   0:00 [bioset]
root      9194  0.0  0.0      0     0 ?        S<   Oct27   0:00 [xfs-buf/dm-11]
root      9195  0.0  0.0      0     0 ?        S<   Oct27   0:00 [xfs-data/dm-11]
root      9196  0.0  0.0      0     0 ?        S<   Oct27   0:00 [xfs-conv/dm-11]
root      9197  0.0  0.0      0     0 ?        S<   Oct27   0:00 [xfs-cil/dm-11]
root      9198  0.0  0.0      0     0 ?        S<   Oct27   0:00 [xfs-reclaim/dm-]
root      9199  0.0  0.0      0     0 ?        S<   Oct27   0:00 [xfs-log/dm-11]
root      9200  0.0  0.0      0     0 ?        S<   Oct27   0:00 [xfs-eofblocks/d]
root      9201  0.0  0.0      0     0 ?        S    Oct27   0:00 [xfsaild/dm-11]
root     21812  0.1  0.0      0     0 ?        S<   07:48   0:51 [kworker/0:1H]
root     21976  0.0  0.0      0     0 ?        S<   Oct24   0:00 [kdmflush]
root     21977  0.0  0.0      0     0 ?        S<   Oct24   0:00 [bioset]
root     21980  0.0  0.0      0     0 ?        S<   Oct24   0:00 [xfs-buf/dm-9]
root     21981  0.0  0.0      0     0 ?        S<   Oct24   0:00 [xfs-data/dm-9]
root     21982  0.0  0.0      0     0 ?        S<   Oct24   0:00 [xfs-conv/dm-9]
root     21983  0.0  0.0      0     0 ?        S<   Oct24   0:00 [xfs-cil/dm-9]
root     21984  0.0  0.0      0     0 ?        S<   Oct24   0:00 [xfs-reclaim/dm-]
root     21985  0.0  0.0      0     0 ?        S<   Oct24   0:00 [xfs-log/dm-9]
root     21986  0.0  0.0      0     0 ?        S<   Oct24   0:00 [xfs-eofblocks/d]
root     21987  0.0  0.0      0     0 ?        S    Oct24   0:00 [xfsaild/dm-9]
root     21995  0.0  0.0 130640  1360 ?        Sl   Oct24   0:11 /usr/libexec/docker/docker-proxy-current -proto tcp -host-ip 0.0.0.0 -host-port 4001 -container-ip 172.17.0.4 -container-port 4000
root     22553  2.5  0.0      0     0 ?        S<   14:47   4:02 [kworker/0:0H]
root     22862  0.0  0.0      0     0 ?        S<   Oct21   0:00 [kdmflush]
root     22863  0.0  0.0      0     0 ?        S<   Oct21   0:00 [bioset]
root     22866  0.0  0.0      0     0 ?        S<   Oct21   0:00 [xfs-buf/dm-10]
root     22867  0.0  0.0      0     0 ?        S<   Oct21   0:00 [xfs-data/dm-10]
root     22868  0.0  0.0      0     0 ?        S<   Oct21   0:00 [xfs-conv/dm-10]
root     22869  0.0  0.0      0     0 ?        S<   Oct21   0:00 [xfs-cil/dm-10]
root     22870  0.0  0.0      0     0 ?        S<   Oct21   0:00 [xfs-reclaim/dm-]
root     22871  0.0  0.0      0     0 ?        S<   Oct21   0:00 [xfs-log/dm-10]
root     22872  0.0  0.0      0     0 ?        S<   Oct21   0:00 [xfs-eofblocks/d]
root     22873  0.0  0.0      0     0 ?        S    Oct21   3:31 [xfsaild/dm-10]
root     22881  0.0  0.0 278104  1232 ?        Sl   Oct21   0:19 /usr/libexec/docker/docker-proxy-current -proto tcp -host-ip 127.0.0.1 -host-port 8084 -container-ip 172.17.0.5 -container-port 80
root     22886  0.0  0.0 216156   248 ?        Sl   Oct21   0:00 /usr/bin/docker-containerd-shim-current c9acdc77e1b78340eff911c5008bd35429d2110c5c87062cde03c3c633b5e67b /var/run/docker/libcontainerd/c9acdc77e1b78340eff911c5008bd35429d2110c5c87062cde03c3c633b5e67b /usr/libexec/docker/docker-runc-current
root     22901  0.0  0.0  52144  1388 ?        Ss   Oct21   3:14 /usr/bin/python /usr/bin/supervisord -n
root     22929  0.0  0.0   4452     8 ?        S    Oct21   0:00 /bin/sh /usr/bin/mysqld_safe
root     22930  0.0  0.0 368340   184 ?        S    Oct21   0:40 apache2 -D FOREGROUND
